build/app/outputs/mapping/release/usage.txt
vn.app_demo.R$styleable
vn.app_demo.R$attr
vn.app_demo.R
vn.app_demo.R$mipmap
vn.app_demo.R$color
vn.app_demo.R$string
vn.app_demo.R$dimen
vn.app_demo.R$layout
vn.app_demo.R$style
vn.app_demo.R$integer
vn.app_demo.BuildConfig
vn.app_demo.R$id
vn.app_demo.R$drawable
...
androidx.lifecycle.ComputableLiveData$2
org.intellij.lang.annotations.JdkConstants$AdjustableOrientation
kotlin.Experimental
androidx.core.util.DebugUtils
androidx.core.app.NotificationCompat
kotlin.time.AbstractLongClock
kotlin.io.ConsoleKt
kotlin.ranges.IntProgression
kotlin.coroutines.experimental.CoroutineContext$plus$1
io.flutter.embedding.engine.systemchannels.KeyEventChannel:
    private static final java.lang.String TAG
androidx.core.util.Pools$Pool
kotlin.ranges.LongProgressionIterator
kotlin.io.FilesKt__FileReadWriteKt
kotlin.collections.ArraysKt___ArraysJvmKt$asList$4
androidx.annotation.RequiresPermission
io.flutter.embedding.engine.plugins.FlutterPlugin$FlutterPluginBinding:
    public android.content.Context getApplicationContext()
    public io.flutter.embedding.engine.FlutterEngine getFlutterEngine()
    public io.flutter.plugin.common.BinaryMessenger getBinaryMessenger()
    public io.flutter.view.TextureRegistry getTextureRegistry()
    public io.flutter.plugin.platform.PlatformViewRegistry getPlatformViewRegistry()
    public io.flutter.embedding.engine.plugins.FlutterPlugin$FlutterAssets getFlutterAssets()
androidx.fragment.app.Fragment:
    public void <init>()
    public void <init>(int)
    private void initLifecycle()
    public static androidx.fragment.app.Fragment instantiate(android.content.Context,java.lang.String)
    public static androidx.fragment.app.Fragment instantiate(android.content.Context,java.lang.String,android.os.Bundle)
    private androidx.fragment.app.Fragment$AnimationInfo ensureAnimationInfo()
    static void <clinit>()
    public androidx.lifecycle.Lifecycle getLifecycle()
    public androidx.lifecycle.LifecycleOwner getViewLifecycleOwner()
    public androidx.lifecycle.LiveData getViewLifecycleOwnerLiveData()
    public androidx.lifecycle.ViewModelStore getViewModelStore()
    public final androidx.savedstate.SavedStateRegistry getSavedStateRegistry()
    final void restoreViewState(android.os.Bundle)
    final boolean isInBackStack()
    public final boolean equals(java.lang.Object)
    public final int hashCode()
    public java.lang.String toString()
    public final int getId()
    public final java.lang.String getTag()
    public void setArguments(android.os.Bundle)
    public final android.os.Bundle getArguments()
    public final android.os.Bundle requireArguments()
    public final boolean isStateSaved()
    public void setInitialSavedState(androidx.fragment.app.Fragment$SavedState)
    public void setTargetFragment(androidx.fragment.app.Fragment,int)
    public final androidx.fragment.app.Fragment getTargetFragment()
kotlin.coroutines.jvm.internal.SuspendFunction
kotlin.collections.UCollectionsKt
androidx.core.widget.NestedScrollView
kotlin.ReplaceWith
kotlin.LateinitKt
kotlin.coroutines.experimental.migration.ContinuationMigration
io.flutter.embedding.android.FlutterActivityLaunchConfigs
kotlin.jvm.functions.Function8
kotlin.io.ByteStreamsKt$iterator$1
kotlin.coroutines.jvm.internal.RunSuspend
kotlin.jvm.internal.Ref$LongRef
androidx.collection.LongSparseArray
androidx.core.graphics.drawable.WrappedDrawableState
kotlin.KotlinNullPointerException
androidx.core.view.NestedScrollingChild2
kotlin.collections.MovingSubList
io.flutter.embedding.engine.plugins.shim.ShimRegistrar
androidx.annotation.InterpolatorRes
androidx.core.app.RemoteInput
androidx.core.view.ActionProvider$SubUiVisibilityListener
androidx.core.app.NotificationCompatBuilder
androidx.collection.LruCache
kotlin.collections.DoubleIterator
kotlin.reflect.KMutableProperty2
androidx.annotation.RestrictTo
androidx.customview.R$attr
androidx.lifecycle.FullLifecycleObserverAdapter:
    void <init>(androidx.lifecycle.FullLifecycleObserver,androidx.lifecycle.LifecycleEventObserver)
kotlin.jvm.Strictfp
androidx.core.content.ContentResolverCompat
androidx.lifecycle.viewmodel.R
kotlin.time.DurationKt
kotlin.text.UStringsKt
kotlin.jvm.internal.DefaultConstructorMarker
androidx.lifecycle.ReportFragment